2020-12-03 16:59:34,301 - /Users/zhengjiaqi/Documents/schoolWork/services/micro_service_demo/main.py[line:8] - INFO: service start
2020-12-03 17:03:11,190 - /Users/zhengjiaqi/Documents/schoolWork/services/micro_service_demo/utils/wrappers.py[line:13] - INFO: function: do_micro, request: text: "micro_req"

2020-12-03 17:03:11,191 - /Users/zhengjiaqi/Documents/schoolWork/services/micro_service_demo/utils/wrappers.py[line:16] - ERROR: Traceback (most recent call last):
  File "/Users/zhengjiaqi/Documents/schoolWork/services/micro_service_demo/utils/wrappers.py", line 14, in decorator
    function(request, response)
  File "/Users/zhengjiaqi/Documents/schoolWork/services/micro_service_demo/handlers/do_micro.py", line 15, in do_micro
    response.text = 'micro_resp'
AttributeError: 'DoMicroResp' object has no attribute 'text'

 request: text: "micro_req"

2020-12-03 17:04:33,523 - /Users/zhengjiaqi/Documents/schoolWork/services/micro_service_demo/main.py[line:8] - INFO: service start
2020-12-03 17:04:35,864 - /Users/zhengjiaqi/Documents/schoolWork/services/micro_service_demo/utils/wrappers.py[line:13] - INFO: function: do_micro, request: text: "micro_req"

2020-12-03 17:04:35,866 - /Users/zhengjiaqi/Documents/schoolWork/services/micro_service_demo/utils/wrappers.py[line:16] - ERROR: Traceback (most recent call last):
  File "/Users/zhengjiaqi/Documents/schoolWork/services/micro_service_demo/utils/wrappers.py", line 14, in decorator
    function(request, response)
  File "/Users/zhengjiaqi/Documents/schoolWork/services/micro_service_demo/handlers/do_micro.py", line 16, in do_micro
    response.data.m['ret'] = 'ret'
TypeError: 'ret' has type str, but expected one of: int, long

 request: text: "micro_req"

2020-12-03 17:05:53,316 - /Users/zhengjiaqi/Documents/schoolWork/services/micro_service_demo/utils/wrappers.py[line:13] - INFO: function: do_micro, request: text: "micro_req"

2020-12-03 17:05:53,317 - /Users/zhengjiaqi/Documents/schoolWork/services/micro_service_demo/utils/wrappers.py[line:16] - ERROR: Traceback (most recent call last):
  File "/Users/zhengjiaqi/Documents/schoolWork/services/micro_service_demo/utils/wrappers.py", line 14, in decorator
    function(request, response)
  File "/Users/zhengjiaqi/Documents/schoolWork/services/micro_service_demo/handlers/do_micro.py", line 16, in do_micro
    response.data.m[110] = 'ret'
TypeError: 'ret' has type str, but expected one of: int, long

 request: text: "micro_req"

2020-12-03 17:05:57,005 - /Users/zhengjiaqi/Documents/schoolWork/services/micro_service_demo/main.py[line:8] - INFO: service start
2020-12-03 17:06:03,583 - /Users/zhengjiaqi/Documents/schoolWork/services/micro_service_demo/utils/wrappers.py[line:13] - INFO: function: do_micro, request: text: "micro_req"

2020-12-03 17:06:03,585 - /Users/zhengjiaqi/Documents/schoolWork/services/micro_service_demo/utils/wrappers.py[line:20] - INFO: response: data {
  text: "micro_resp"
  m {
    key: 110
    value: "ret"
  }
  strs {
    str: "micro"
  }
  strs {
    str: "resp"
  }
  status: NORMAL
}

2020-12-03 17:06:40,382 - /Users/zhengjiaqi/Documents/schoolWork/services/micro_service_demo/utils/wrappers.py[line:13] - INFO: function: do_micro, request: text: "micro_req"

2020-12-03 17:06:40,382 - /Users/zhengjiaqi/Documents/schoolWork/services/micro_service_demo/utils/wrappers.py[line:20] - INFO: response: data {
  text: "micro_resp"
  m {
    key: 110
    value: "ret"
  }
  strs {
    str: "micro"
  }
  strs {
    str: "resp"
  }
  status: NORMAL
}

2020-12-03 18:46:20,025 - /Users/zhengjiaqi/Documents/schoolWork/services/micro_service_demo/main.py[line:8] - INFO: service start
2020-12-03 18:46:56,944 - /Users/zhengjiaqi/Documents/schoolWork/services/micro_service_demo/handlers/base_handler.py[line:14] - INFO: function: do_micro, request: text: "micro_req"

2020-12-03 18:46:57,019 - /Users/zhengjiaqi/Documents/schoolWork/services/micro_service_demo/handlers/base_handler.py[line:17] - ERROR: Traceback (most recent call last):
  File "/Users/zhengjiaqi/Documents/schoolWork/services/micro_service_demo/handlers/base_handler.py", line 15, in decorator
    function(request, response)
  File "/Users/zhengjiaqi/Documents/schoolWork/services/micro_service_demo/handlers/do_micro.py", line 26, in do_micro
    print(json.dumps(area_data))
  File "/Users/zhengjiaqi/opt/anaconda3/lib/python3.7/json/__init__.py", line 231, in dumps
    return _default_encoder.encode(obj)
  File "/Users/zhengjiaqi/opt/anaconda3/lib/python3.7/json/encoder.py", line 199, in encode
    chunks = self.iterencode(o, _one_shot=True)
  File "/Users/zhengjiaqi/opt/anaconda3/lib/python3.7/json/encoder.py", line 257, in iterencode
    return _iterencode(o, 0)
  File "/Users/zhengjiaqi/opt/anaconda3/lib/python3.7/json/encoder.py", line 179, in default
    raise TypeError(f'Object of type {o.__class__.__name__} '
TypeError: Object of type datetime is not JSON serializable

 request: text: "micro_req"

2020-12-03 18:47:15,420 - /Users/zhengjiaqi/Documents/schoolWork/services/micro_service_demo/main.py[line:8] - INFO: service start
2020-12-03 18:47:22,169 - /Users/zhengjiaqi/Documents/schoolWork/services/micro_service_demo/handlers/base_handler.py[line:14] - INFO: function: do_micro, request: text: "micro_req"

2020-12-03 18:47:22,231 - /Users/zhengjiaqi/Documents/schoolWork/services/micro_service_demo/handlers/base_handler.py[line:21] - INFO: response: data {
  text: "micro_resp"
  m {
    key: 110
    value: "ret"
  }
  strs {
    str: "micro"
  }
  strs {
    str: "resp"
  }
  status: NORMAL
}

2020-12-03 21:18:05,689 - /Users/zhengjiaqi/Documents/schoolWork/services/micro_service_demo/main.py[line:8] - INFO: service start
2020-12-03 21:18:35,054 - /Users/zhengjiaqi/Documents/schoolWork/services/micro_service_demo/handlers/base_handler.py[line:14] - INFO: function: do_micro, request: text: "micro_req"

2020-12-03 21:18:35,116 - /Users/zhengjiaqi/Documents/schoolWork/services/micro_service_demo/handlers/base_handler.py[line:21] - INFO: response: data {
  text: "micro_resp"
  m {
    key: 110
    value: "ret"
  }
  strs {
    str: "micro"
  }
  strs {
    str: "resp"
  }
  status: NORMAL
}

2020-12-03 21:45:44,994 - /Users/zhengjiaqi/Documents/schoolWork/services/micro_service_demo/main.py[line:8] - INFO: service start
2020-12-03 21:46:18,416 - /Users/zhengjiaqi/Documents/schoolWork/services/micro_service_demo/handlers/base_handler.py[line:14] - INFO: function: do_micro, request: text: "micro_req"

2020-12-03 21:46:18,481 - /Users/zhengjiaqi/Documents/schoolWork/services/micro_service_demo/handlers/base_handler.py[line:21] - INFO: response: data {
  text: "micro_resp"
  m {
    key: 110
    value: "ret"
  }
  strs {
    str: "micro"
  }
  strs {
    str: "resp"
  }
  status: NORMAL
}

